{
  "stats": {
    "suites": 1,
    "tests": 1,
    "passes": 1,
    "pending": 0,
    "failures": 0,
    "start": "2025-04-22T12:36:48.576Z",
    "end": "2025-04-22T12:37:10.422Z",
    "duration": 21846,
    "testsRegistered": 1,
    "passPercent": 100,
    "pendingPercent": 0,
    "other": 0,
    "hasOther": false,
    "skipped": 0,
    "hasSkipped": false
  },
  "results": [
    {
      "uuid": "2b2160b9-0d03-49fb-9eff-c21c9a783999",
      "title": "",
      "fullFile": "cypress\\e2e\\5. logout.cy.js",
      "file": "cypress\\e2e\\5. logout.cy.js",
      "beforeHooks": [],
      "afterHooks": [],
      "tests": [],
      "suites": [
        {
          "uuid": "a03a32af-2e09-4a27-a57b-71bd11db0203",
          "title": "Logout Dealls",
          "fullFile": "",
          "file": "",
          "beforeHooks": [],
          "afterHooks": [],
          "tests": [
            {
              "title": "logout successfully",
              "fullTitle": "Logout Dealls logout successfully",
              "timedOut": null,
              "duration": 21750,
              "state": "passed",
              "speed": "slow",
              "pass": true,
              "fail": false,
              "pending": false,
              "context": null,
              "code": "cy.get('[alt=\"user photo\"]').click();\ncy.get('.rounded-b-md').click();\ncy.get('#dealls-navbar-login-btn').should('be.visible');\n//validasi success logout\ncy.get('#dealls-navbar-register-btn').should('be.visible');",
              "err": {},
              "uuid": "82fd3e53-bd7e-4dba-8e4a-6f207d34ae89",
              "parentUUID": "a03a32af-2e09-4a27-a57b-71bd11db0203",
              "isHook": false,
              "skipped": false
            }
          ],
          "suites": [],
          "passes": [
            "82fd3e53-bd7e-4dba-8e4a-6f207d34ae89"
          ],
          "failures": [],
          "pending": [],
          "skipped": [],
          "duration": 21750,
          "root": false,
          "rootEmpty": false,
          "_timeout": 2000
        }
      ],
      "passes": [],
      "failures": [],
      "pending": [],
      "skipped": [],
      "duration": 0,
      "root": true,
      "rootEmpty": true,
      "_timeout": 2000
    }
  ],
  "meta": {
    "mocha": {
      "version": "7.2.0"
    },
    "mochawesome": {
      "options": {
        "quiet": false,
        "reportFilename": "mochawesome",
        "saveHtml": true,
        "saveJson": true,
        "consoleReporter": "spec",
        "useInlineDiffs": false,
        "code": true
      },
      "version": "7.1.3"
    },
    "marge": {
      "options": {
        "reportDir": "cypress/reports",
        "overwrite": false,
        "html": true,
        "json": true
      },
      "version": "6.2.0"
    }
  }
}